  [1m[35m (1.2ms)[0m  [1m[34mSELECT sqlite_version(*)[0m
  [1m[35m (4.4ms)[0m  [1m[35mCREATE TABLE "schema_migrations" ("version" varchar NOT NULL PRIMARY KEY)[0m
  [1m[35m (3.8ms)[0m  [1m[35mCREATE TABLE "ar_internal_metadata" ("key" varchar NOT NULL PRIMARY KEY, "value" varchar, "created_at" datetime(6) NOT NULL, "updated_at" datetime(6) NOT NULL)[0m
  [1m[35m (0.1ms)[0m  [1m[34mSELECT "schema_migrations"."version" FROM "schema_migrations" ORDER BY "schema_migrations"."version" ASC[0m
Migrating to CreateItineraries (20210603000704)
  [1m[35m (0.2ms)[0m  [1m[34mSELECT sqlite_version(*)[0m
  [1m[35m (0.1ms)[0m  [1m[34mSELECT "schema_migrations"."version" FROM "schema_migrations" ORDER BY "schema_migrations"."version" ASC[0m
Migrating to CreateItineraries (20210603000704)
  [1m[36mTRANSACTION (0.0ms)[0m  [1m[36mbegin transaction[0m
  [1m[35m (0.2ms)[0m  [1m[35mCREATE TABLE "itineraries" ("id" integer PRIMARY KEY AUTOINCREMENT NOT NULL, "created_at" datetime(6) NOT NULL, "updated_at" datetime(6) NOT NULL)[0m
  [1m[36mActiveRecord::SchemaMigration Create (0.1ms)[0m  [1m[32mINSERT INTO "schema_migrations" ("version") VALUES (?)[0m  [["version", "20210603000704"]]
  [1m[36mTRANSACTION (3.9ms)[0m  [1m[36mcommit transaction[0m
Migrating to CreateDestinations (20210603002107)
  [1m[36mTRANSACTION (0.0ms)[0m  [1m[36mbegin transaction[0m
  [1m[35m (0.2ms)[0m  [1m[35mCREATE TABLE "destinations" ("id" integer PRIMARY KEY AUTOINCREMENT NOT NULL, "name" varchar, "distance" integer, "gravity" integer, "temperature" integer, "type" varchar, "image_url" varchar, "itinerary_id" integer NOT NULL, "created_at" datetime(6) NOT NULL, "updated_at" datetime(6) NOT NULL, CONSTRAINT "fk_rails_c7134f3be6"
FOREIGN KEY ("itinerary_id")
  REFERENCES "itineraries" ("id")
)[0m
  [1m[35m (0.1ms)[0m  [1m[35mCREATE INDEX "index_destinations_on_itinerary_id" ON "destinations" ("itinerary_id")[0m
  [1m[36mActiveRecord::SchemaMigration Create (0.1ms)[0m  [1m[32mINSERT INTO "schema_migrations" ("version") VALUES (?)[0m  [["version", "20210603002107"]]
  [1m[36mTRANSACTION (3.7ms)[0m  [1m[36mcommit transaction[0m
  [1m[36mActiveRecord::InternalMetadata Load (0.1ms)[0m  [1m[34mSELECT "ar_internal_metadata".* FROM "ar_internal_metadata" WHERE "ar_internal_metadata"."key" = ? LIMIT ?[0m  [["key", "environment"], ["LIMIT", 1]]
  [1m[36mTRANSACTION (0.1ms)[0m  [1m[36mbegin transaction[0m
  [1m[36mActiveRecord::InternalMetadata Create (0.1ms)[0m  [1m[32mINSERT INTO "ar_internal_metadata" ("key", "value", "created_at", "updated_at") VALUES (?, ?, ?, ?)[0m  [["key", "environment"], ["value", "development"], ["created_at", "2021-06-03 00:32:49.114098"], ["updated_at", "2021-06-03 00:32:49.114098"]]
  [1m[36mTRANSACTION (3.0ms)[0m  [1m[36mcommit transaction[0m
  [1m[35m (0.0ms)[0m  [1m[34mSELECT sqlite_version(*)[0m
  [1m[35m (0.1ms)[0m  [1m[34mSELECT "schema_migrations"."version" FROM "schema_migrations" ORDER BY "schema_migrations"."version" ASC[0m
  [1m[35m (0.2ms)[0m  [1m[34mSELECT sqlite_version(*)[0m
  [1m[35m (0.1ms)[0m  [1m[34mSELECT "schema_migrations"."version" FROM "schema_migrations" ORDER BY "schema_migrations"."version" ASC[0m
  [1m[35m (0.2ms)[0m  [1m[34mSELECT sqlite_version(*)[0m
  [1m[35m (0.1ms)[0m  [1m[34mSELECT "schema_migrations"."version" FROM "schema_migrations" ORDER BY "schema_migrations"."version" ASC[0m
  [1m[35m (0.2ms)[0m  [1m[34mSELECT sqlite_version(*)[0m
  [1m[35m (0.1ms)[0m  [1m[34mSELECT "schema_migrations"."version" FROM "schema_migrations" ORDER BY "schema_migrations"."version" ASC[0m
  [1m[35m (0.2ms)[0m  [1m[34mSELECT sqlite_version(*)[0m
  [1m[35m (0.1ms)[0m  [1m[34mSELECT "schema_migrations"."version" FROM "schema_migrations" ORDER BY "schema_migrations"."version" ASC[0m
  [1m[35m (0.2ms)[0m  [1m[34mSELECT sqlite_version(*)[0m
  [1m[35m (0.1ms)[0m  [1m[34mSELECT "schema_migrations"."version" FROM "schema_migrations" ORDER BY "schema_migrations"."version" ASC[0m
  [1m[35m (0.2ms)[0m  [1m[34mSELECT sqlite_version(*)[0m
  [1m[35m (0.1ms)[0m  [1m[34mSELECT "schema_migrations"."version" FROM "schema_migrations" ORDER BY "schema_migrations"."version" ASC[0m
  [1m[35m (0.0ms)[0m  [1m[34mSELECT sqlite_version(*)[0m
  [1m[35m (0.2ms)[0m  [1m[34mSELECT sqlite_version(*)[0m
  [1m[35m (0.1ms)[0m  [1m[34mSELECT "schema_migrations"."version" FROM "schema_migrations" ORDER BY "schema_migrations"."version" ASC[0m
  [1m[35m (0.0ms)[0m  [1m[34mSELECT sqlite_version(*)[0m
  [1m[35m (0.2ms)[0m  [1m[34mSELECT sqlite_version(*)[0m
  [1m[35m (0.1ms)[0m  [1m[34mSELECT "schema_migrations"."version" FROM "schema_migrations" ORDER BY "schema_migrations"."version" ASC[0m
  [1m[35m (0.0ms)[0m  [1m[34mSELECT sqlite_version(*)[0m
  [1m[35m (0.2ms)[0m  [1m[34mSELECT sqlite_version(*)[0m
  [1m[35m (0.1ms)[0m  [1m[34mSELECT "schema_migrations"."version" FROM "schema_migrations" ORDER BY "schema_migrations"."version" ASC[0m
  [1m[35m (0.0ms)[0m  [1m[34mSELECT sqlite_version(*)[0m
  [1m[35m (0.2ms)[0m  [1m[34mSELECT sqlite_version(*)[0m
  [1m[35m (0.1ms)[0m  [1m[34mSELECT "schema_migrations"."version" FROM "schema_migrations" ORDER BY "schema_migrations"."version" ASC[0m
  [1m[35m (0.0ms)[0m  [1m[34mSELECT "schema_migrations"."version" FROM "schema_migrations" ORDER BY "schema_migrations"."version" ASC[0m
  [1m[35m (0.0ms)[0m  [1m[34mSELECT "schema_migrations"."version" FROM "schema_migrations" ORDER BY "schema_migrations"."version" ASC[0m
  [1m[35m (0.0ms)[0m  [1m[34mSELECT "schema_migrations"."version" FROM "schema_migrations" ORDER BY "schema_migrations"."version" ASC[0m
Migrating to CreateDestinations (20210603002107)
  [1m[36mTRANSACTION (0.0ms)[0m  [1m[36mbegin transaction[0m
  [1m[35m (0.2ms)[0m  [1m[35mDROP TABLE "destinations"[0m
  [1m[36mActiveRecord::SchemaMigration Destroy (0.1ms)[0m  [1m[31mDELETE FROM "schema_migrations" WHERE "schema_migrations"."version" = ?[0m  [["version", "20210603002107"]]
  [1m[36mTRANSACTION (2.9ms)[0m  [1m[36mcommit transaction[0m
  [1m[35m (0.0ms)[0m  [1m[34mSELECT sqlite_version(*)[0m
  [1m[35m (0.1ms)[0m  [1m[34mSELECT "schema_migrations"."version" FROM "schema_migrations" ORDER BY "schema_migrations"."version" ASC[0m
  [1m[35m (0.2ms)[0m  [1m[34mSELECT sqlite_version(*)[0m
  [1m[35m (0.1ms)[0m  [1m[34mSELECT "schema_migrations"."version" FROM "schema_migrations" ORDER BY "schema_migrations"."version" ASC[0m
  [1m[35m (0.0ms)[0m  [1m[34mSELECT "schema_migrations"."version" FROM "schema_migrations" ORDER BY "schema_migrations"."version" ASC[0m
  [1m[35m (0.0ms)[0m  [1m[34mSELECT "schema_migrations"."version" FROM "schema_migrations" ORDER BY "schema_migrations"."version" ASC[0m
  [1m[35m (0.0ms)[0m  [1m[34mSELECT "schema_migrations"."version" FROM "schema_migrations" ORDER BY "schema_migrations"."version" ASC[0m
Migrating to CreateItineraries (20210603000704)
  [1m[36mTRANSACTION (0.0ms)[0m  [1m[36mbegin transaction[0m
  [1m[35m (0.2ms)[0m  [1m[35mDROP TABLE "itineraries"[0m
  [1m[36mActiveRecord::SchemaMigration Destroy (0.1ms)[0m  [1m[31mDELETE FROM "schema_migrations" WHERE "schema_migrations"."version" = ?[0m  [["version", "20210603000704"]]
  [1m[36mTRANSACTION (3.1ms)[0m  [1m[36mcommit transaction[0m
  [1m[35m (0.0ms)[0m  [1m[34mSELECT sqlite_version(*)[0m
  [1m[35m (0.0ms)[0m  [1m[34mSELECT "schema_migrations"."version" FROM "schema_migrations" ORDER BY "schema_migrations"."version" ASC[0m
  [1m[35m (0.2ms)[0m  [1m[34mSELECT sqlite_version(*)[0m
  [1m[35m (0.1ms)[0m  [1m[34mSELECT "schema_migrations"."version" FROM "schema_migrations" ORDER BY "schema_migrations"."version" ASC[0m
  [1m[35m (0.0ms)[0m  [1m[34mSELECT "schema_migrations"."version" FROM "schema_migrations" ORDER BY "schema_migrations"."version" ASC[0m
  [1m[35m (0.0ms)[0m  [1m[34mSELECT "schema_migrations"."version" FROM "schema_migrations" ORDER BY "schema_migrations"."version" ASC[0m
  [1m[35m (0.0ms)[0m  [1m[34mSELECT sqlite_version(*)[0m
  [1m[35m (0.1ms)[0m  [1m[34mSELECT "schema_migrations"."version" FROM "schema_migrations" ORDER BY "schema_migrations"."version" ASC[0m
  [1m[35m (0.2ms)[0m  [1m[34mSELECT sqlite_version(*)[0m
  [1m[35m (0.1ms)[0m  [1m[34mSELECT "schema_migrations"."version" FROM "schema_migrations" ORDER BY "schema_migrations"."version" ASC[0m
  [1m[35m (0.0ms)[0m  [1m[34mSELECT "schema_migrations"."version" FROM "schema_migrations" ORDER BY "schema_migrations"."version" ASC[0m
  [1m[35m (0.0ms)[0m  [1m[34mSELECT "schema_migrations"."version" FROM "schema_migrations" ORDER BY "schema_migrations"."version" ASC[0m
  [1m[35m (0.0ms)[0m  [1m[34mSELECT sqlite_version(*)[0m
  [1m[35m (0.1ms)[0m  [1m[34mSELECT "schema_migrations"."version" FROM "schema_migrations" ORDER BY "schema_migrations"."version" ASC[0m
  [1m[35m (0.2ms)[0m  [1m[34mSELECT sqlite_version(*)[0m
  [1m[35m (0.1ms)[0m  [1m[34mSELECT "schema_migrations"."version" FROM "schema_migrations" ORDER BY "schema_migrations"."version" ASC[0m
Migrating to CreateItineraries (20210603000704)
  [1m[36mTRANSACTION (0.0ms)[0m  [1m[36mbegin transaction[0m
  [1m[35m (0.2ms)[0m  [1m[35mCREATE TABLE "itineraries" ("id" integer PRIMARY KEY AUTOINCREMENT NOT NULL, "created_at" datetime(6) NOT NULL, "updated_at" datetime(6) NOT NULL)[0m
  [1m[36mActiveRecord::SchemaMigration Create (0.1ms)[0m  [1m[32mINSERT INTO "schema_migrations" ("version") VALUES (?)[0m  [["version", "20210603000704"]]
  [1m[36mTRANSACTION (2.9ms)[0m  [1m[36mcommit transaction[0m
Migrating to CreateDestinations (20210603002107)
  [1m[36mTRANSACTION (0.0ms)[0m  [1m[36mbegin transaction[0m
  [1m[35m (0.2ms)[0m  [1m[35mCREATE TABLE "destinations" ("id" integer PRIMARY KEY AUTOINCREMENT NOT NULL, "name" varchar, "distance" integer, "gravity" integer, "temperature" integer, "object_type" varchar, "image_url" varchar, "itinerary_id" integer NOT NULL, "created_at" datetime(6) NOT NULL, "updated_at" datetime(6) NOT NULL, CONSTRAINT "fk_rails_c7134f3be6"
FOREIGN KEY ("itinerary_id")
  REFERENCES "itineraries" ("id")
)[0m
  [1m[35m (0.1ms)[0m  [1m[35mCREATE INDEX "index_destinations_on_itinerary_id" ON "destinations" ("itinerary_id")[0m
  [1m[36mActiveRecord::SchemaMigration Create (0.1ms)[0m  [1m[32mINSERT INTO "schema_migrations" ("version") VALUES (?)[0m  [["version", "20210603002107"]]
  [1m[36mTRANSACTION (3.0ms)[0m  [1m[36mcommit transaction[0m
  [1m[36mActiveRecord::InternalMetadata Load (0.1ms)[0m  [1m[34mSELECT "ar_internal_metadata".* FROM "ar_internal_metadata" WHERE "ar_internal_metadata"."key" = ? LIMIT ?[0m  [["key", "environment"], ["LIMIT", 1]]
  [1m[35m (0.0ms)[0m  [1m[34mSELECT sqlite_version(*)[0m
  [1m[35m (0.1ms)[0m  [1m[34mSELECT "schema_migrations"."version" FROM "schema_migrations" ORDER BY "schema_migrations"."version" ASC[0m
  [1m[35m (0.2ms)[0m  [1m[34mSELECT sqlite_version(*)[0m
  [1m[35m (0.1ms)[0m  [1m[34mSELECT "schema_migrations"."version" FROM "schema_migrations" ORDER BY "schema_migrations"."version" ASC[0m
  [1m[35m (0.0ms)[0m  [1m[34mSELECT sqlite_version(*)[0m
  [1m[35m (0.3ms)[0m  [1m[34mSELECT sqlite_version(*)[0m
  [1m[36mDestination Load (0.1ms)[0m  [1m[34mSELECT "destinations".* FROM "destinations" /* loading for inspect */ LIMIT ?[0m  [["LIMIT", 11]]
  [1m[36mDestination Load (0.1ms)[0m  [1m[34mSELECT "destinations".* FROM "destinations" /* loading for inspect */ LIMIT ?[0m  [["LIMIT", 11]]
  [1m[36mItinerary Load (0.1ms)[0m  [1m[34mSELECT "itineraries".* FROM "itineraries" /* loading for inspect */ LIMIT ?[0m  [["LIMIT", 11]]
  [1m[36mDestination Load (0.1ms)[0m  [1m[34mSELECT "destinations".* FROM "destinations" /* loading for inspect */ LIMIT ?[0m  [["LIMIT", 11]]
  [1m[36mDestination Load (0.1ms)[0m  [1m[34mSELECT "destinations".* FROM "destinations" /* loading for inspect */ LIMIT ?[0m  [["LIMIT", 11]]
  [1m[35m (0.2ms)[0m  [1m[34mSELECT sqlite_version(*)[0m
  [1m[35m (0.1ms)[0m  [1m[34mSELECT "schema_migrations"."version" FROM "schema_migrations" ORDER BY "schema_migrations"."version" ASC[0m
  [1m[35m (0.0ms)[0m  [1m[34mSELECT sqlite_version(*)[0m
  [1m[35m (0.3ms)[0m  [1m[34mSELECT sqlite_version(*)[0m
  [1m[36mDestination Load (0.1ms)[0m  [1m[34mSELECT "destinations".* FROM "destinations" /* loading for inspect */ LIMIT ?[0m  [["LIMIT", 11]]
  [1m[35m (0.2ms)[0m  [1m[34mSELECT sqlite_version(*)[0m
  [1m[35m (0.1ms)[0m  [1m[34mSELECT "schema_migrations"."version" FROM "schema_migrations" ORDER BY "schema_migrations"."version" ASC[0m
  [1m[35m (0.0ms)[0m  [1m[34mSELECT "schema_migrations"."version" FROM "schema_migrations" ORDER BY "schema_migrations"."version" ASC[0m
  [1m[35m (0.0ms)[0m  [1m[34mSELECT "schema_migrations"."version" FROM "schema_migrations" ORDER BY "schema_migrations"."version" ASC[0m
  [1m[35m (0.0ms)[0m  [1m[34mSELECT "schema_migrations"."version" FROM "schema_migrations" ORDER BY "schema_migrations"."version" ASC[0m
Migrating to CreateDestinations (20210603002107)
  [1m[36mTRANSACTION (0.0ms)[0m  [1m[36mbegin transaction[0m
  [1m[35m (0.2ms)[0m  [1m[35mDROP TABLE "destinations"[0m
  [1m[36mActiveRecord::SchemaMigration Destroy (0.1ms)[0m  [1m[31mDELETE FROM "schema_migrations" WHERE "schema_migrations"."version" = ?[0m  [["version", "20210603002107"]]
  [1m[36mTRANSACTION (3.0ms)[0m  [1m[36mcommit transaction[0m
  [1m[35m (0.0ms)[0m  [1m[34mSELECT sqlite_version(*)[0m
  [1m[35m (0.1ms)[0m  [1m[34mSELECT "schema_migrations"."version" FROM "schema_migrations" ORDER BY "schema_migrations"."version" ASC[0m
  [1m[35m (0.2ms)[0m  [1m[34mSELECT sqlite_version(*)[0m
  [1m[35m (0.1ms)[0m  [1m[34mSELECT "schema_migrations"."version" FROM "schema_migrations" ORDER BY "schema_migrations"."version" ASC[0m
  [1m[35m (0.0ms)[0m  [1m[34mSELECT "schema_migrations"."version" FROM "schema_migrations" ORDER BY "schema_migrations"."version" ASC[0m
  [1m[35m (0.0ms)[0m  [1m[34mSELECT "schema_migrations"."version" FROM "schema_migrations" ORDER BY "schema_migrations"."version" ASC[0m
  [1m[35m (0.0ms)[0m  [1m[34mSELECT "schema_migrations"."version" FROM "schema_migrations" ORDER BY "schema_migrations"."version" ASC[0m
Migrating to CreateItineraries (20210603000704)
  [1m[36mTRANSACTION (0.0ms)[0m  [1m[36mbegin transaction[0m
  [1m[35m (0.2ms)[0m  [1m[35mDROP TABLE "itineraries"[0m
  [1m[36mActiveRecord::SchemaMigration Destroy (0.1ms)[0m  [1m[31mDELETE FROM "schema_migrations" WHERE "schema_migrations"."version" = ?[0m  [["version", "20210603000704"]]
  [1m[36mTRANSACTION (3.8ms)[0m  [1m[36mcommit transaction[0m
  [1m[35m (0.0ms)[0m  [1m[34mSELECT sqlite_version(*)[0m
  [1m[35m (0.1ms)[0m  [1m[34mSELECT "schema_migrations"."version" FROM "schema_migrations" ORDER BY "schema_migrations"."version" ASC[0m
  [1m[35m (0.2ms)[0m  [1m[34mSELECT sqlite_version(*)[0m
  [1m[35m (0.1ms)[0m  [1m[34mSELECT "schema_migrations"."version" FROM "schema_migrations" ORDER BY "schema_migrations"."version" ASC[0m
  [1m[35m (0.0ms)[0m  [1m[34mSELECT "schema_migrations"."version" FROM "schema_migrations" ORDER BY "schema_migrations"."version" ASC[0m
  [1m[35m (0.0ms)[0m  [1m[34mSELECT "schema_migrations"."version" FROM "schema_migrations" ORDER BY "schema_migrations"."version" ASC[0m
  [1m[35m (0.0ms)[0m  [1m[34mSELECT sqlite_version(*)[0m
  [1m[35m (0.0ms)[0m  [1m[34mSELECT "schema_migrations"."version" FROM "schema_migrations" ORDER BY "schema_migrations"."version" ASC[0m
  [1m[35m (0.2ms)[0m  [1m[34mSELECT sqlite_version(*)[0m
  [1m[35m (0.1ms)[0m  [1m[34mSELECT "schema_migrations"."version" FROM "schema_migrations" ORDER BY "schema_migrations"."version" ASC[0m
Migrating to CreateItineraries (20210603000704)
  [1m[36mTRANSACTION (0.0ms)[0m  [1m[36mbegin transaction[0m
  [1m[35m (0.2ms)[0m  [1m[35mCREATE TABLE "itineraries" ("id" integer PRIMARY KEY AUTOINCREMENT NOT NULL, "created_at" datetime(6) NOT NULL, "updated_at" datetime(6) NOT NULL)[0m
  [1m[36mActiveRecord::SchemaMigration Create (0.1ms)[0m  [1m[32mINSERT INTO "schema_migrations" ("version") VALUES (?)[0m  [["version", "20210603000704"]]
  [1m[36mTRANSACTION (2.9ms)[0m  [1m[36mcommit transaction[0m
Migrating to CreateDestinations (20210603002107)
  [1m[36mTRANSACTION (0.0ms)[0m  [1m[36mbegin transaction[0m
  [1m[35m (0.2ms)[0m  [1m[35mCREATE TABLE "destinations" ("id" integer PRIMARY KEY AUTOINCREMENT NOT NULL, "name" varchar, "distance" integer, "gravity" integer, "temperature" integer, "object_type" varchar, "image_url" varchar, "itinerary_id" integer NOT NULL, "created_at" datetime(6) NOT NULL, "updated_at" datetime(6) NOT NULL, CONSTRAINT "fk_rails_c7134f3be6"
FOREIGN KEY ("itinerary_id")
  REFERENCES "itineraries" ("id")
)[0m
  [1m[35m (0.1ms)[0m  [1m[35mCREATE INDEX "index_destinations_on_itinerary_id" ON "destinations" ("itinerary_id")[0m
  [1m[36mActiveRecord::SchemaMigration Create (0.1ms)[0m  [1m[32mINSERT INTO "schema_migrations" ("version") VALUES (?)[0m  [["version", "20210603002107"]]
  [1m[36mTRANSACTION (2.9ms)[0m  [1m[36mcommit transaction[0m
  [1m[36mActiveRecord::InternalMetadata Load (0.1ms)[0m  [1m[34mSELECT "ar_internal_metadata".* FROM "ar_internal_metadata" WHERE "ar_internal_metadata"."key" = ? LIMIT ?[0m  [["key", "environment"], ["LIMIT", 1]]
  [1m[35m (0.0ms)[0m  [1m[34mSELECT sqlite_version(*)[0m
  [1m[35m (0.1ms)[0m  [1m[34mSELECT "schema_migrations"."version" FROM "schema_migrations" ORDER BY "schema_migrations"."version" ASC[0m
  [1m[35m (0.2ms)[0m  [1m[34mSELECT sqlite_version(*)[0m
  [1m[35m (0.1ms)[0m  [1m[34mSELECT "schema_migrations"."version" FROM "schema_migrations" ORDER BY "schema_migrations"."version" ASC[0m
  [1m[35m (0.0ms)[0m  [1m[34mSELECT sqlite_version(*)[0m
  [1m[36mTRANSACTION (0.0ms)[0m  [1m[36mbegin transaction[0m
  [1m[36mDestination Create (0.2ms)[0m  [1m[32mINSERT INTO "destinations" ("name", "distance", "gravity", "temperature", "object_type", "image_url", "created_at", "updated_at") VALUES (?, ?, ?, ?, ?, ?, ?, ?)[0m  [["name", "The Sun"], ["distance", 93], ["gravity", 27], ["temperature", 5505], ["object_type", "star"], ["image_url", "https://upload.wikimedia.org/wikipedia/commons/thumb/b/b4/The_Sun_by_the_Atmospheric_Imaging_Assembly_of_NASA%27s_Solar_Dynamics_Observatory_-_20100819.jpg/1280px-The_Sun_by_the_Atmospheric_Imaging_Assembly_of_NASA%27s_Solar_Dynamics_Observatory_-_20100819.jpg"], ["created_at", "2021-06-03 00:42:41.291242"], ["updated_at", "2021-06-03 00:42:41.291242"]]
  [1m[36mTRANSACTION (0.0ms)[0m  [1m[31mrollback transaction[0m
  [1m[35m (0.2ms)[0m  [1m[34mSELECT sqlite_version(*)[0m
  [1m[35m (0.1ms)[0m  [1m[34mSELECT "schema_migrations"."version" FROM "schema_migrations" ORDER BY "schema_migrations"."version" ASC[0m
  [1m[35m (0.0ms)[0m  [1m[34mSELECT "schema_migrations"."version" FROM "schema_migrations" ORDER BY "schema_migrations"."version" ASC[0m
  [1m[35m (0.0ms)[0m  [1m[34mSELECT "schema_migrations"."version" FROM "schema_migrations" ORDER BY "schema_migrations"."version" ASC[0m
  [1m[35m (0.0ms)[0m  [1m[34mSELECT "schema_migrations"."version" FROM "schema_migrations" ORDER BY "schema_migrations"."version" ASC[0m
Migrating to CreateDestinations (20210603002107)
  [1m[36mTRANSACTION (0.0ms)[0m  [1m[36mbegin transaction[0m
  [1m[35m (0.2ms)[0m  [1m[35mDROP TABLE "destinations"[0m
  [1m[36mActiveRecord::SchemaMigration Destroy (0.3ms)[0m  [1m[31mDELETE FROM "schema_migrations" WHERE "schema_migrations"."version" = ?[0m  [["version", "20210603002107"]]
  [1m[36mTRANSACTION (4.0ms)[0m  [1m[36mcommit transaction[0m
  [1m[35m (0.0ms)[0m  [1m[34mSELECT sqlite_version(*)[0m
  [1m[35m (0.1ms)[0m  [1m[34mSELECT "schema_migrations"."version" FROM "schema_migrations" ORDER BY "schema_migrations"."version" ASC[0m
  [1m[35m (0.2ms)[0m  [1m[34mSELECT sqlite_version(*)[0m
  [1m[35m (0.1ms)[0m  [1m[34mSELECT "schema_migrations"."version" FROM "schema_migrations" ORDER BY "schema_migrations"."version" ASC[0m
  [1m[35m (0.0ms)[0m  [1m[34mSELECT "schema_migrations"."version" FROM "schema_migrations" ORDER BY "schema_migrations"."version" ASC[0m
  [1m[35m (0.0ms)[0m  [1m[34mSELECT "schema_migrations"."version" FROM "schema_migrations" ORDER BY "schema_migrations"."version" ASC[0m
  [1m[35m (0.0ms)[0m  [1m[34mSELECT "schema_migrations"."version" FROM "schema_migrations" ORDER BY "schema_migrations"."version" ASC[0m
Migrating to CreateItineraries (20210603000704)
  [1m[36mTRANSACTION (0.0ms)[0m  [1m[36mbegin transaction[0m
  [1m[35m (0.2ms)[0m  [1m[35mDROP TABLE "itineraries"[0m
  [1m[36mActiveRecord::SchemaMigration Destroy (0.1ms)[0m  [1m[31mDELETE FROM "schema_migrations" WHERE "schema_migrations"."version" = ?[0m  [["version", "20210603000704"]]
  [1m[36mTRANSACTION (3.3ms)[0m  [1m[36mcommit transaction[0m
  [1m[35m (0.0ms)[0m  [1m[34mSELECT sqlite_version(*)[0m
  [1m[35m (0.1ms)[0m  [1m[34mSELECT "schema_migrations"."version" FROM "schema_migrations" ORDER BY "schema_migrations"."version" ASC[0m
  [1m[35m (0.2ms)[0m  [1m[34mSELECT sqlite_version(*)[0m
  [1m[35m (0.1ms)[0m  [1m[34mSELECT "schema_migrations"."version" FROM "schema_migrations" ORDER BY "schema_migrations"."version" ASC[0m
  [1m[35m (0.0ms)[0m  [1m[34mSELECT "schema_migrations"."version" FROM "schema_migrations" ORDER BY "schema_migrations"."version" ASC[0m
  [1m[35m (0.0ms)[0m  [1m[34mSELECT "schema_migrations"."version" FROM "schema_migrations" ORDER BY "schema_migrations"."version" ASC[0m
  [1m[35m (0.0ms)[0m  [1m[34mSELECT sqlite_version(*)[0m
  [1m[35m (0.1ms)[0m  [1m[34mSELECT "schema_migrations"."version" FROM "schema_migrations" ORDER BY "schema_migrations"."version" ASC[0m
  [1m[35m (0.2ms)[0m  [1m[34mSELECT sqlite_version(*)[0m
  [1m[35m (0.1ms)[0m  [1m[34mSELECT "schema_migrations"."version" FROM "schema_migrations" ORDER BY "schema_migrations"."version" ASC[0m
Migrating to CreateItineraries (20210603000704)
  [1m[36mTRANSACTION (0.0ms)[0m  [1m[36mbegin transaction[0m
  [1m[35m (0.2ms)[0m  [1m[35mCREATE TABLE "itineraries" ("id" integer PRIMARY KEY AUTOINCREMENT NOT NULL, "created_at" datetime(6) NOT NULL, "updated_at" datetime(6) NOT NULL)[0m
  [1m[36mActiveRecord::SchemaMigration Create (0.1ms)[0m  [1m[32mINSERT INTO "schema_migrations" ("version") VALUES (?)[0m  [["version", "20210603000704"]]
  [1m[36mTRANSACTION (3.3ms)[0m  [1m[36mcommit transaction[0m
Migrating to CreateDestinations (20210603002107)
  [1m[36mTRANSACTION (0.0ms)[0m  [1m[36mbegin transaction[0m
  [1m[35m (0.2ms)[0m  [1m[35mCREATE TABLE "destinations" ("id" integer PRIMARY KEY AUTOINCREMENT NOT NULL, "name" varchar, "distance" integer, "gravity" integer, "temperature" integer, "object_type" varchar, "image_url" varchar, "created_at" datetime(6) NOT NULL, "updated_at" datetime(6) NOT NULL)[0m
  [1m[36mActiveRecord::SchemaMigration Create (0.1ms)[0m  [1m[32mINSERT INTO "schema_migrations" ("version") VALUES (?)[0m  [["version", "20210603002107"]]
  [1m[36mTRANSACTION (3.0ms)[0m  [1m[36mcommit transaction[0m
  [1m[36mActiveRecord::InternalMetadata Load (0.1ms)[0m  [1m[34mSELECT "ar_internal_metadata".* FROM "ar_internal_metadata" WHERE "ar_internal_metadata"."key" = ? LIMIT ?[0m  [["key", "environment"], ["LIMIT", 1]]
  [1m[35m (0.0ms)[0m  [1m[34mSELECT sqlite_version(*)[0m
  [1m[35m (0.1ms)[0m  [1m[34mSELECT "schema_migrations"."version" FROM "schema_migrations" ORDER BY "schema_migrations"."version" ASC[0m
  [1m[35m (0.2ms)[0m  [1m[34mSELECT sqlite_version(*)[0m
  [1m[35m (0.1ms)[0m  [1m[34mSELECT "schema_migrations"."version" FROM "schema_migrations" ORDER BY "schema_migrations"."version" ASC[0m
  [1m[35m (0.0ms)[0m  [1m[34mSELECT sqlite_version(*)[0m
  [1m[36mTRANSACTION (0.0ms)[0m  [1m[36mbegin transaction[0m
  [1m[36mDestination Create (0.2ms)[0m  [1m[32mINSERT INTO "destinations" ("name", "distance", "gravity", "temperature", "object_type", "image_url", "created_at", "updated_at") VALUES (?, ?, ?, ?, ?, ?, ?, ?)[0m  [["name", "The Sun"], ["distance", 93], ["gravity", 27], ["temperature", 5505], ["object_type", "star"], ["image_url", "https://upload.wikimedia.org/wikipedia/commons/thumb/b/b4/The_Sun_by_the_Atmospheric_Imaging_Assembly_of_NASA%27s_Solar_Dynamics_Observatory_-_20100819.jpg/1280px-The_Sun_by_the_Atmospheric_Imaging_Assembly_of_NASA%27s_Solar_Dynamics_Observatory_-_20100819.jpg"], ["created_at", "2021-06-03 00:43:24.623026"], ["updated_at", "2021-06-03 00:43:24.623026"]]
  [1m[36mTRANSACTION (3.2ms)[0m  [1m[36mcommit transaction[0m
  [1m[36mTRANSACTION (0.0ms)[0m  [1m[36mbegin transaction[0m
  [1m[36mDestination Create (0.1ms)[0m  [1m[32mINSERT INTO "destinations" ("name", "distance", "gravity", "temperature", "object_type", "image_url", "created_at", "updated_at") VALUES (?, ?, ?, ?, ?, ?, ?, ?)[0m  [["name", "Jupiter"], ["distance", 443], ["gravity", 2], ["temperature", -108], ["object_type", "planet"], ["image_url", "https://upload.wikimedia.org/wikipedia/commons/2/2b/Jupiter_and_its_shrunken_Great_Red_Spot.jpg"], ["created_at", "2021-06-03 00:43:24.628190"], ["updated_at", "2021-06-03 00:43:24.628190"]]
  [1m[36mTRANSACTION (2.9ms)[0m  [1m[36mcommit transaction[0m
  [1m[36mTRANSACTION (0.0ms)[0m  [1m[36mbegin transaction[0m
  [1m[36mDestination Create (0.1ms)[0m  [1m[32mINSERT INTO "destinations" ("name", "distance", "gravity", "temperature", "object_type", "image_url", "created_at", "updated_at") VALUES (?, ?, ?, ?, ?, ?, ?, ?)[0m  [["name", "Saturn"], ["distance", 876], ["gravity", 1], ["temperature", -178], ["object_type", "planet"], ["image_url", "https://upload.wikimedia.org/wikipedia/commons/thumb/c/c7/Saturn_during_Equinox.jpg/1280px-Saturn_during_Equinox.jpg"], ["created_at", "2021-06-03 00:43:24.632931"], ["updated_at", "2021-06-03 00:43:24.632931"]]
  [1m[36mTRANSACTION (2.9ms)[0m  [1m[36mcommit transaction[0m
  [1m[36mTRANSACTION (0.0ms)[0m  [1m[36mbegin transaction[0m
  [1m[36mDestination Create (0.1ms)[0m  [1m[32mINSERT INTO "destinations" ("name", "distance", "gravity", "temperature", "object_type", "image_url", "created_at", "updated_at") VALUES (?, ?, ?, ?, ?, ?, ?, ?)[0m  [["name", "Uranus"], ["distance", 1917], ["gravity", 0], ["temperature", -197], ["object_type", "planet"], ["image_url", "https://upload.wikimedia.org/wikipedia/commons/thumb/3/3d/Uranus2.jpg/1280px-Uranus2.jpg"], ["created_at", "2021-06-03 00:43:24.637739"], ["updated_at", "2021-06-03 00:43:24.637739"]]
  [1m[36mTRANSACTION (4.5ms)[0m  [1m[36mcommit transaction[0m
  [1m[36mTRANSACTION (0.0ms)[0m  [1m[36mbegin transaction[0m
  [1m[36mDestination Create (0.1ms)[0m  [1m[32mINSERT INTO "destinations" ("name", "distance", "gravity", "temperature", "object_type", "image_url", "created_at", "updated_at") VALUES (?, ?, ?, ?, ?, ?, ?, ?)[0m  [["name", "Neptune"], ["distance", 2797], ["gravity", 1], ["temperature", -201], ["object_type", "planet"], ["image_url", "https://upload.wikimedia.org/wikipedia/commons/6/63/Neptune_-_Voyager_2_%2829347980845%29_flatten_crop.jpg"], ["created_at", "2021-06-03 00:43:24.644198"], ["updated_at", "2021-06-03 00:43:24.644198"]]
  [1m[36mTRANSACTION (3.4ms)[0m  [1m[36mcommit transaction[0m
  [1m[36mTRANSACTION (0.0ms)[0m  [1m[36mbegin transaction[0m
  [1m[36mDestination Create (0.2ms)[0m  [1m[32mINSERT INTO "destinations" ("name", "distance", "gravity", "temperature", "object_type", "image_url", "created_at", "updated_at") VALUES (?, ?, ?, ?, ?, ?, ?, ?)[0m  [["name", "Earth"], ["distance", 0], ["gravity", 1], ["temperature", 14], ["object_type", "planet"], ["image_url", "https://upload.wikimedia.org/wikipedia/commons/thumb/9/97/The_Earth_seen_from_Apollo_17.jpg/1280px-The_Earth_seen_from_Apollo_17.jpg"], ["created_at", "2021-06-03 00:43:24.649567"], ["updated_at", "2021-06-03 00:43:24.649567"]]
  [1m[36mTRANSACTION (2.7ms)[0m  [1m[36mcommit transaction[0m
  [1m[36mTRANSACTION (0.0ms)[0m  [1m[36mbegin transaction[0m
  [1m[36mDestination Create (0.1ms)[0m  [1m[32mINSERT INTO "destinations" ("name", "distance", "gravity", "temperature", "object_type", "image_url", "created_at", "updated_at") VALUES (?, ?, ?, ?, ?, ?, ?, ?)[0m  [["name", "Venus"], ["distance", 150], ["gravity", 0], ["temperature", 463], ["object_type", "planet"], ["image_url", "https://upload.wikimedia.org/wikipedia/commons/b/b2/Venus_2_Approach_Image.jpghttps://upload.wikimedia.org/wikipedia/commons/b/b2/Venus_2_Approach_Image.jpg"], ["created_at", "2021-06-03 00:43:24.654225"], ["updated_at", "2021-06-03 00:43:24.654225"]]
  [1m[36mTRANSACTION (2.8ms)[0m  [1m[36mcommit transaction[0m
  [1m[36mTRANSACTION (0.0ms)[0m  [1m[36mbegin transaction[0m
  [1m[36mDestination Create (0.2ms)[0m  [1m[32mINSERT INTO "destinations" ("name", "distance", "gravity", "temperature", "object_type", "image_url", "created_at", "updated_at") VALUES (?, ?, ?, ?, ?, ?, ?, ?)[0m  [["name", "Mars"], ["distance", 211], ["gravity", 0], ["temperature", -63], ["object_type", "planet"], ["image_url", "https://upload.wikimedia.org/wikipedia/commons/thumb/0/02/OSIRIS_Mars_true_color.jpg/1280px-OSIRIS_Mars_true_color.jpg"], ["created_at", "2021-06-03 00:43:24.658970"], ["updated_at", "2021-06-03 00:43:24.658970"]]
  [1m[36mTRANSACTION (2.9ms)[0m  [1m[36mcommit transaction[0m
  [1m[36mTRANSACTION (0.0ms)[0m  [1m[36mbegin transaction[0m
  [1m[36mDestination Create (0.2ms)[0m  [1m[32mINSERT INTO "destinations" ("name", "distance", "gravity", "temperature", "object_type", "image_url", "created_at", "updated_at") VALUES (?, ?, ?, ?, ?, ?, ?, ?)[0m  [["name", "Ganymede"], ["distance", 390], ["gravity", 0], ["temperature", -163], ["object_type", "moon"], ["image_url", "https://upload.wikimedia.org/wikipedia/commons/f/f2/Ganymede_g1_true-edit1.jpg"], ["created_at", "2021-06-03 00:43:24.663896"], ["updated_at", "2021-06-03 00:43:24.663896"]]
  [1m[36mTRANSACTION (2.9ms)[0m  [1m[36mcommit transaction[0m
  [1m[36mTRANSACTION (0.0ms)[0m  [1m[36mbegin transaction[0m
  [1m[36mDestination Create (0.2ms)[0m  [1m[32mINSERT INTO "destinations" ("name", "distance", "gravity", "temperature", "object_type", "image_url", "created_at", "updated_at") VALUES (?, ?, ?, ?, ?, ?, ?, ?)[0m  [["name", "Titan"], ["distance", 875], ["gravity", 0], ["temperature", -179], ["object_type", "moon"], ["image_url", "https://upload.wikimedia.org/wikipedia/commons/4/45/Titan_in_true_color.jpg"], ["created_at", "2021-06-03 00:43:24.668912"], ["updated_at", "2021-06-03 00:43:24.668912"]]
  [1m[36mTRANSACTION (2.8ms)[0m  [1m[36mcommit transaction[0m
  [1m[36mTRANSACTION (0.0ms)[0m  [1m[36mbegin transaction[0m
  [1m[36mDestination Create (0.2ms)[0m  [1m[32mINSERT INTO "destinations" ("name", "distance", "gravity", "temperature", "object_type", "image_url", "created_at", "updated_at") VALUES (?, ?, ?, ?, ?, ?, ?, ?)[0m  [["name", "Mercury"], ["distance", 55], ["gravity", 0], ["temperature", 67], ["object_type", "planet"], ["image_url", "https://upload.wikimedia.org/wikipedia/commons/thumb/d/d9/Mercury_in_color_-_Prockter07-edit1.jpg/1280px-Mercury_in_color_-_Prockter07-edit1.jpg"], ["created_at", "2021-06-03 00:43:24.673702"], ["updated_at", "2021-06-03 00:43:24.673702"]]
  [1m[36mTRANSACTION (2.8ms)[0m  [1m[36mcommit transaction[0m
  [1m[36mTRANSACTION (0.1ms)[0m  [1m[36mbegin transaction[0m
  [1m[36mDestination Create (0.2ms)[0m  [1m[32mINSERT INTO "destinations" ("name", "distance", "gravity", "temperature", "object_type", "image_url", "created_at", "updated_at") VALUES (?, ?, ?, ?, ?, ?, ?, ?)[0m  [["name", "Callisto"], ["distance", 390], ["gravity", 0], ["temperature", -133], ["object_type", "moon"], ["image_url", "https://upload.wikimedia.org/wikipedia/commons/e/e9/Callisto.jpg"], ["created_at", "2021-06-03 00:43:24.678697"], ["updated_at", "2021-06-03 00:43:24.678697"]]
  [1m[36mTRANSACTION (2.9ms)[0m  [1m[36mcommit transaction[0m
  [1m[36mTRANSACTION (0.0ms)[0m  [1m[36mbegin transaction[0m
  [1m[36mDestination Create (0.2ms)[0m  [1m[32mINSERT INTO "destinations" ("name", "distance", "gravity", "temperature", "object_type", "image_url", "created_at", "updated_at") VALUES (?, ?, ?, ?, ?, ?, ?, ?)[0m  [["name", "Io"], ["distance", 390], ["gravity", 0], ["temperature", -163], ["object_type", "moon"], ["image_url", "https://upload.wikimedia.org/wikipedia/commons/thumb/7/7b/Io_highest_resolution_true_color.jpg/1280px-Io_highest_resolution_true_color.jpg"], ["created_at", "2021-06-03 00:43:24.683810"], ["updated_at", "2021-06-03 00:43:24.683810"]]
  [1m[36mTRANSACTION (3.1ms)[0m  [1m[36mcommit transaction[0m
  [1m[36mTRANSACTION (0.0ms)[0m  [1m[36mbegin transaction[0m
  [1m[36mDestination Create (0.2ms)[0m  [1m[32mINSERT INTO "destinations" ("name", "distance", "gravity", "temperature", "object_type", "image_url", "created_at", "updated_at") VALUES (?, ?, ?, ?, ?, ?, ?, ?)[0m  [["name", "The Moon"], ["distance", 0], ["gravity", 0], ["temperature", -23], ["object_type", "moon"], ["image_url", "https://upload.wikimedia.org/wikipedia/commons/thumb/e/e1/FullMoon2010.jpg/1280px-FullMoon2010.jpg"], ["created_at", "2021-06-03 00:43:24.688975"], ["updated_at", "2021-06-03 00:43:24.688975"]]
  [1m[36mTRANSACTION (2.8ms)[0m  [1m[36mcommit transaction[0m
  [1m[36mTRANSACTION (0.0ms)[0m  [1m[36mbegin transaction[0m
  [1m[36mDestination Create (0.2ms)[0m  [1m[32mINSERT INTO "destinations" ("name", "distance", "gravity", "temperature", "object_type", "image_url", "created_at", "updated_at") VALUES (?, ?, ?, ?, ?, ?, ?, ?)[0m  [["name", "Europa"], ["distance", 390], ["gravity", 0], ["temperature", -171], ["object_type", "moon"], ["image_url", "https://upload.wikimedia.org/wikipedia/commons/e/e4/Europa-moon-with-margins.jpg"], ["created_at", "2021-06-03 00:43:24.693905"], ["updated_at", "2021-06-03 00:43:24.693905"]]
  [1m[36mTRANSACTION (3.0ms)[0m  [1m[36mcommit transaction[0m
  [1m[36mTRANSACTION (0.0ms)[0m  [1m[36mbegin transaction[0m
  [1m[36mDestination Create (0.1ms)[0m  [1m[32mINSERT INTO "destinations" ("name", "distance", "gravity", "temperature", "object_type", "image_url", "created_at", "updated_at") VALUES (?, ?, ?, ?, ?, ?, ?, ?)[0m  [["name", "Pluto"], ["distance", 3119], ["gravity", 0], ["temperature", -229], ["object_type", "dwarf planet"], ["image_url", "https://upload.wikimedia.org/wikipedia/commons/thumb/e/ef/Pluto_in_True_Color_-_High-Res.jpg/1280px-Pluto_in_True_Color_-_High-Res.jpg"], ["created_at", "2021-06-03 00:43:24.698841"], ["updated_at", "2021-06-03 00:43:24.698841"]]
  [1m[36mTRANSACTION (3.6ms)[0m  [1m[36mcommit transaction[0m
  [1m[36mTRANSACTION (0.0ms)[0m  [1m[36mbegin transaction[0m
  [1m[36mDestination Create (0.1ms)[0m  [1m[32mINSERT INTO "destinations" ("name", "distance", "gravity", "temperature", "object_type", "image_url", "created_at", "updated_at") VALUES (?, ?, ?, ?, ?, ?, ?, ?)[0m  [["name", "Eris"], ["distance", 8978], ["gravity", 0], ["temperature", -231], ["object_type", "dwarf planet"], ["image_url", "https://upload.wikimedia.org/wikipedia/commons/5/5b/Eris_and_dysnomia2.jpg"], ["created_at", "2021-06-03 00:43:24.704412"], ["updated_at", "2021-06-03 00:43:24.704412"]]
  [1m[36mTRANSACTION (3.7ms)[0m  [1m[36mcommit transaction[0m
  [1m[36mTRANSACTION (0.0ms)[0m  [1m[36mbegin transaction[0m
  [1m[36mDestination Create (0.2ms)[0m  [1m[32mINSERT INTO "destinations" ("name", "distance", "gravity", "temperature", "object_type", "image_url", "created_at", "updated_at") VALUES (?, ?, ?, ?, ?, ?, ?, ?)[0m  [["name", "Ceres"], ["distance", 257], ["gravity", 0], ["temperature", -87], ["object_type", "asteroid"], ["image_url", "https://upload.wikimedia.org/wikipedia/commons/7/76/Ceres_-_RC3_-_Haulani_Crater_%2822381131691%29_%28cropped%29.jpg"], ["created_at", "2021-06-03 00:43:24.710101"], ["updated_at", "2021-06-03 00:43:24.710101"]]
  [1m[36mTRANSACTION (3.0ms)[0m  [1m[36mcommit transaction[0m
  [1m[36mTRANSACTION (0.0ms)[0m  [1m[36mbegin transaction[0m
  [1m[36mDestination Create (0.2ms)[0m  [1m[32mINSERT INTO "destinations" ("name", "distance", "gravity", "temperature", "object_type", "image_url", "created_at", "updated_at") VALUES (?, ?, ?, ?, ?, ?, ?, ?)[0m  [["name", "Titania"], ["distance", 1692], ["gravity", 0], ["temperature", -198], ["object_type", "moon"], ["image_url", "https://upload.wikimedia.org/wikipedia/commons/a/ac/Titania_%28moon%29_color%2C_cropped.jpg"], ["created_at", "2021-06-03 00:43:24.715477"], ["updated_at", "2021-06-03 00:43:24.715477"]]
  [1m[36mTRANSACTION (2.8ms)[0m  [1m[36mcommit transaction[0m
  [1m[36mTRANSACTION (0.0ms)[0m  [1m[36mbegin transaction[0m
  [1m[36mDestination Create (0.1ms)[0m  [1m[32mINSERT INTO "destinations" ("name", "distance", "gravity", "temperature", "object_type", "image_url", "created_at", "updated_at") VALUES (?, ?, ?, ?, ?, ?, ?, ?)[0m  [["name", "Charon"], ["distance", 3119], ["gravity", 0], ["temperature", -220], ["object_type", "moon"], ["image_url", "https://upload.wikimedia.org/wikipedia/commons/thumb/2/2e/Charon_in_True_Color_-_High-Res.jpg/1280px-Charon_in_True_Color_-_High-Res.jpg"], ["created_at", "2021-06-03 00:43:24.720432"], ["updated_at", "2021-06-03 00:43:24.720432"]]
  [1m[36mTRANSACTION (2.9ms)[0m  [1m[36mcommit transaction[0m
  [1m[35m (0.3ms)[0m  [1m[34mSELECT sqlite_version(*)[0m
  [1m[36mDestination Load (0.1ms)[0m  [1m[34mSELECT "destinations".* FROM "destinations" /* loading for inspect */ LIMIT ?[0m  [["LIMIT", 11]]
  [1m[35m (0.2ms)[0m  [1m[34mSELECT sqlite_version(*)[0m
  [1m[35m (0.1ms)[0m  [1m[34mSELECT "schema_migrations"."version" FROM "schema_migrations" ORDER BY "schema_migrations"."version" ASC[0m
  [1m[35m (0.0ms)[0m  [1m[34mSELECT "schema_migrations"."version" FROM "schema_migrations" ORDER BY "schema_migrations"."version" ASC[0m
  [1m[35m (0.0ms)[0m  [1m[34mSELECT "schema_migrations"."version" FROM "schema_migrations" ORDER BY "schema_migrations"."version" ASC[0m
  [1m[35m (0.0ms)[0m  [1m[34mSELECT "schema_migrations"."version" FROM "schema_migrations" ORDER BY "schema_migrations"."version" ASC[0m
Migrating to CreateDestinations (20210603002107)
  [1m[36mTRANSACTION (0.0ms)[0m  [1m[36mbegin transaction[0m
  [1m[35m (0.2ms)[0m  [1m[35mDROP TABLE "destinations"[0m
  [1m[36mActiveRecord::SchemaMigration Destroy (0.1ms)[0m  [1m[31mDELETE FROM "schema_migrations" WHERE "schema_migrations"."version" = ?[0m  [["version", "20210603002107"]]
  [1m[36mTRANSACTION (4.5ms)[0m  [1m[36mcommit transaction[0m
  [1m[35m (0.0ms)[0m  [1m[34mSELECT sqlite_version(*)[0m
  [1m[35m (0.1ms)[0m  [1m[34mSELECT "schema_migrations"."version" FROM "schema_migrations" ORDER BY "schema_migrations"."version" ASC[0m
  [1m[35m (0.2ms)[0m  [1m[34mSELECT sqlite_version(*)[0m
  [1m[35m (0.1ms)[0m  [1m[34mSELECT "schema_migrations"."version" FROM "schema_migrations" ORDER BY "schema_migrations"."version" ASC[0m
  [1m[35m (0.0ms)[0m  [1m[34mSELECT "schema_migrations"."version" FROM "schema_migrations" ORDER BY "schema_migrations"."version" ASC[0m
  [1m[35m (0.0ms)[0m  [1m[34mSELECT "schema_migrations"."version" FROM "schema_migrations" ORDER BY "schema_migrations"."version" ASC[0m
  [1m[35m (0.0ms)[0m  [1m[34mSELECT "schema_migrations"."version" FROM "schema_migrations" ORDER BY "schema_migrations"."version" ASC[0m
Migrating to CreateItineraries (20210603000704)
  [1m[36mTRANSACTION (0.0ms)[0m  [1m[36mbegin transaction[0m
  [1m[35m (0.2ms)[0m  [1m[35mDROP TABLE "itineraries"[0m
  [1m[36mActiveRecord::SchemaMigration Destroy (0.1ms)[0m  [1m[31mDELETE FROM "schema_migrations" WHERE "schema_migrations"."version" = ?[0m  [["version", "20210603000704"]]
  [1m[36mTRANSACTION (3.1ms)[0m  [1m[36mcommit transaction[0m
  [1m[35m (0.0ms)[0m  [1m[34mSELECT sqlite_version(*)[0m
  [1m[35m (0.1ms)[0m  [1m[34mSELECT "schema_migrations"."version" FROM "schema_migrations" ORDER BY "schema_migrations"."version" ASC[0m
  [1m[35m (0.2ms)[0m  [1m[34mSELECT sqlite_version(*)[0m
  [1m[35m (0.1ms)[0m  [1m[34mSELECT "schema_migrations"."version" FROM "schema_migrations" ORDER BY "schema_migrations"."version" ASC[0m
  [1m[35m (0.0ms)[0m  [1m[34mSELECT "schema_migrations"."version" FROM "schema_migrations" ORDER BY "schema_migrations"."version" ASC[0m
  [1m[35m (0.0ms)[0m  [1m[34mSELECT "schema_migrations"."version" FROM "schema_migrations" ORDER BY "schema_migrations"."version" ASC[0m
  [1m[35m (0.0ms)[0m  [1m[34mSELECT sqlite_version(*)[0m
  [1m[35m (0.0ms)[0m  [1m[34mSELECT "schema_migrations"."version" FROM "schema_migrations" ORDER BY "schema_migrations"."version" ASC[0m
  [1m[35m (0.2ms)[0m  [1m[34mSELECT sqlite_version(*)[0m
  [1m[35m (0.1ms)[0m  [1m[34mSELECT "schema_migrations"."version" FROM "schema_migrations" ORDER BY "schema_migrations"."version" ASC[0m
  [1m[35m (0.0ms)[0m  [1m[34mSELECT "schema_migrations"."version" FROM "schema_migrations" ORDER BY "schema_migrations"."version" ASC[0m
  [1m[35m (0.0ms)[0m  [1m[34mSELECT "schema_migrations"."version" FROM "schema_migrations" ORDER BY "schema_migrations"."version" ASC[0m
  [1m[35m (0.0ms)[0m  [1m[34mSELECT sqlite_version(*)[0m
  [1m[35m (0.0ms)[0m  [1m[34mSELECT "schema_migrations"."version" FROM "schema_migrations" ORDER BY "schema_migrations"."version" ASC[0m
  [1m[35m (0.2ms)[0m  [1m[34mSELECT sqlite_version(*)[0m
  [1m[35m (0.1ms)[0m  [1m[34mSELECT "schema_migrations"."version" FROM "schema_migrations" ORDER BY "schema_migrations"."version" ASC[0m
Migrating to CreateDestinations (20210603002107)
  [1m[36mTRANSACTION (0.0ms)[0m  [1m[36mbegin transaction[0m
  [1m[35m (0.2ms)[0m  [1m[35mCREATE TABLE "destinations" ("id" integer PRIMARY KEY AUTOINCREMENT NOT NULL, "name" varchar, "distance" integer, "gravity" integer, "temperature" integer, "object_type" varchar, "image_url" varchar, "created_at" datetime(6) NOT NULL, "updated_at" datetime(6) NOT NULL)[0m
  [1m[36mActiveRecord::SchemaMigration Create (0.1ms)[0m  [1m[32mINSERT INTO "schema_migrations" ("version") VALUES (?)[0m  [["version", "20210603002107"]]
  [1m[36mTRANSACTION (3.1ms)[0m  [1m[36mcommit transaction[0m
Migrating to CreateItineraries (20210603010412)
  [1m[35m (0.2ms)[0m  [1m[34mSELECT sqlite_version(*)[0m
  [1m[35m (0.1ms)[0m  [1m[34mSELECT "schema_migrations"."version" FROM "schema_migrations" ORDER BY "schema_migrations"."version" ASC[0m
Migrating to CreateItineraries (20210603010412)
  [1m[36mTRANSACTION (0.0ms)[0m  [1m[36mbegin transaction[0m
  [1m[35m (0.2ms)[0m  [1m[35mCREATE TABLE "itineraries" ("id" integer PRIMARY KEY AUTOINCREMENT NOT NULL, "created_at" datetime(6) NOT NULL, "updated_at" datetime(6) NOT NULL)[0m
  [1m[36mActiveRecord::SchemaMigration Create (0.1ms)[0m  [1m[32mINSERT INTO "schema_migrations" ("version") VALUES (?)[0m  [["version", "20210603010412"]]
  [1m[36mTRANSACTION (4.1ms)[0m  [1m[36mcommit transaction[0m
  [1m[36mActiveRecord::InternalMetadata Load (0.1ms)[0m  [1m[34mSELECT "ar_internal_metadata".* FROM "ar_internal_metadata" WHERE "ar_internal_metadata"."key" = ? LIMIT ?[0m  [["key", "environment"], ["LIMIT", 1]]
  [1m[35m (0.0ms)[0m  [1m[34mSELECT sqlite_version(*)[0m
  [1m[35m (0.1ms)[0m  [1m[34mSELECT "schema_migrations"."version" FROM "schema_migrations" ORDER BY "schema_migrations"."version" ASC[0m
  [1m[35m (0.2ms)[0m  [1m[34mSELECT sqlite_version(*)[0m
  [1m[35m (0.1ms)[0m  [1m[34mSELECT "schema_migrations"."version" FROM "schema_migrations" ORDER BY "schema_migrations"."version" ASC[0m
  [1m[35m (0.0ms)[0m  [1m[34mSELECT "schema_migrations"."version" FROM "schema_migrations" ORDER BY "schema_migrations"."version" ASC[0m
  [1m[35m (0.0ms)[0m  [1m[34mSELECT "schema_migrations"."version" FROM "schema_migrations" ORDER BY "schema_migrations"."version" ASC[0m
  [1m[35m (0.0ms)[0m  [1m[34mSELECT "schema_migrations"."version" FROM "schema_migrations" ORDER BY "schema_migrations"."version" ASC[0m
Migrating to CreateItineraries (20210603010412)
  [1m[36mTRANSACTION (0.0ms)[0m  [1m[36mbegin transaction[0m
  [1m[35m (0.2ms)[0m  [1m[35mDROP TABLE "itineraries"[0m
  [1m[36mActiveRecord::SchemaMigration Destroy (0.1ms)[0m  [1m[31mDELETE FROM "schema_migrations" WHERE "schema_migrations"."version" = ?[0m  [["version", "20210603010412"]]
  [1m[36mTRANSACTION (2.9ms)[0m  [1m[36mcommit transaction[0m
  [1m[35m (0.0ms)[0m  [1m[34mSELECT sqlite_version(*)[0m
  [1m[35m (0.1ms)[0m  [1m[34mSELECT "schema_migrations"."version" FROM "schema_migrations" ORDER BY "schema_migrations"."version" ASC[0m
  [1m[35m (0.2ms)[0m  [1m[34mSELECT sqlite_version(*)[0m
  [1m[35m (0.1ms)[0m  [1m[34mSELECT "schema_migrations"."version" FROM "schema_migrations" ORDER BY "schema_migrations"."version" ASC[0m
  [1m[35m (0.1ms)[0m  [1m[34mSELECT "schema_migrations"."version" FROM "schema_migrations" ORDER BY "schema_migrations"."version" ASC[0m
  [1m[35m (0.0ms)[0m  [1m[34mSELECT "schema_migrations"."version" FROM "schema_migrations" ORDER BY "schema_migrations"."version" ASC[0m
  [1m[35m (0.0ms)[0m  [1m[34mSELECT "schema_migrations"."version" FROM "schema_migrations" ORDER BY "schema_migrations"."version" ASC[0m
Migrating to CreateDestinations (20210603002107)
  [1m[36mTRANSACTION (0.0ms)[0m  [1m[36mbegin transaction[0m
  [1m[35m (0.2ms)[0m  [1m[35mDROP TABLE "destinations"[0m
  [1m[36mActiveRecord::SchemaMigration Destroy (0.1ms)[0m  [1m[31mDELETE FROM "schema_migrations" WHERE "schema_migrations"."version" = ?[0m  [["version", "20210603002107"]]
  [1m[36mTRANSACTION (3.1ms)[0m  [1m[36mcommit transaction[0m
  [1m[35m (0.0ms)[0m  [1m[34mSELECT sqlite_version(*)[0m
  [1m[35m (0.1ms)[0m  [1m[34mSELECT "schema_migrations"."version" FROM "schema_migrations" ORDER BY "schema_migrations"."version" ASC[0m
  [1m[35m (0.2ms)[0m  [1m[34mSELECT sqlite_version(*)[0m
  [1m[35m (0.1ms)[0m  [1m[34mSELECT "schema_migrations"."version" FROM "schema_migrations" ORDER BY "schema_migrations"."version" ASC[0m
  [1m[35m (0.0ms)[0m  [1m[34mSELECT "schema_migrations"."version" FROM "schema_migrations" ORDER BY "schema_migrations"."version" ASC[0m
  [1m[35m (0.0ms)[0m  [1m[34mSELECT "schema_migrations"."version" FROM "schema_migrations" ORDER BY "schema_migrations"."version" ASC[0m
  [1m[35m (0.0ms)[0m  [1m[34mSELECT sqlite_version(*)[0m
  [1m[35m (0.1ms)[0m  [1m[34mSELECT "schema_migrations"."version" FROM "schema_migrations" ORDER BY "schema_migrations"."version" ASC[0m
  [1m[35m (0.2ms)[0m  [1m[34mSELECT sqlite_version(*)[0m
  [1m[35m (0.1ms)[0m  [1m[34mSELECT "schema_migrations"."version" FROM "schema_migrations" ORDER BY "schema_migrations"."version" ASC[0m
  [1m[35m (0.0ms)[0m  [1m[34mSELECT "schema_migrations"."version" FROM "schema_migrations" ORDER BY "schema_migrations"."version" ASC[0m
  [1m[35m (0.0ms)[0m  [1m[34mSELECT "schema_migrations"."version" FROM "schema_migrations" ORDER BY "schema_migrations"."version" ASC[0m
  [1m[35m (0.0ms)[0m  [1m[34mSELECT sqlite_version(*)[0m
  [1m[35m (0.1ms)[0m  [1m[34mSELECT "schema_migrations"."version" FROM "schema_migrations" ORDER BY "schema_migrations"."version" ASC[0m
  [1m[35m (0.2ms)[0m  [1m[34mSELECT sqlite_version(*)[0m
  [1m[35m (0.1ms)[0m  [1m[34mSELECT "schema_migrations"."version" FROM "schema_migrations" ORDER BY "schema_migrations"."version" ASC[0m
Migrating to CreateDestinations (20210603002107)
  [1m[36mTRANSACTION (0.0ms)[0m  [1m[36mbegin transaction[0m
  [1m[35m (0.2ms)[0m  [1m[35mCREATE TABLE "destinations" ("id" integer PRIMARY KEY AUTOINCREMENT NOT NULL, "name" varchar, "distance" integer, "gravity" integer, "temperature" integer, "object_type" varchar, "image_url" varchar, "itinerary_id" integer NOT NULL, "created_at" datetime(6) NOT NULL, "updated_at" datetime(6) NOT NULL, CONSTRAINT "fk_rails_c7134f3be6"
FOREIGN KEY ("itinerary_id")
  REFERENCES "itineraries" ("id")
)[0m
  [1m[35m (0.1ms)[0m  [1m[35mCREATE INDEX "index_destinations_on_itinerary_id" ON "destinations" ("itinerary_id")[0m
  [1m[36mActiveRecord::SchemaMigration Create (0.1ms)[0m  [1m[32mINSERT INTO "schema_migrations" ("version") VALUES (?)[0m  [["version", "20210603002107"]]
  [1m[36mTRANSACTION (2.9ms)[0m  [1m[36mcommit transaction[0m
Migrating to CreateItineraries (20210603010412)
  [1m[36mTRANSACTION (0.0ms)[0m  [1m[36mbegin transaction[0m
  [1m[35m (0.2ms)[0m  [1m[35mCREATE TABLE "itineraries" ("id" integer PRIMARY KEY AUTOINCREMENT NOT NULL, "name" varchar, "created_at" datetime(6) NOT NULL, "updated_at" datetime(6) NOT NULL)[0m
  [1m[36mActiveRecord::SchemaMigration Create (0.1ms)[0m  [1m[32mINSERT INTO "schema_migrations" ("version") VALUES (?)[0m  [["version", "20210603010412"]]
  [1m[36mTRANSACTION (3.0ms)[0m  [1m[36mcommit transaction[0m
  [1m[36mActiveRecord::InternalMetadata Load (0.1ms)[0m  [1m[34mSELECT "ar_internal_metadata".* FROM "ar_internal_metadata" WHERE "ar_internal_metadata"."key" = ? LIMIT ?[0m  [["key", "environment"], ["LIMIT", 1]]
  [1m[35m (0.0ms)[0m  [1m[34mSELECT sqlite_version(*)[0m
  [1m[35m (0.1ms)[0m  [1m[34mSELECT "schema_migrations"."version" FROM "schema_migrations" ORDER BY "schema_migrations"."version" ASC[0m
  [1m[35m (0.2ms)[0m  [1m[34mSELECT sqlite_version(*)[0m
  [1m[35m (0.1ms)[0m  [1m[34mSELECT "schema_migrations"."version" FROM "schema_migrations" ORDER BY "schema_migrations"."version" ASC[0m
  [1m[35m (0.0ms)[0m  [1m[34mSELECT sqlite_version(*)[0m
  [1m[36mTRANSACTION (0.0ms)[0m  [1m[36mbegin transaction[0m
  [1m[36mItinerary Create (0.1ms)[0m  [1m[32mINSERT INTO "itineraries" ("name", "created_at", "updated_at") VALUES (?, ?, ?)[0m  [["name", "All Destinations"], ["created_at", "2021-06-03 01:21:53.273370"], ["updated_at", "2021-06-03 01:21:53.273370"]]
  [1m[36mTRANSACTION (4.0ms)[0m  [1m[36mcommit transaction[0m
  [1m[36mTRANSACTION (0.0ms)[0m  [1m[36mbegin transaction[0m
  [1m[36mItinerary Create (0.1ms)[0m  [1m[32mINSERT INTO "itineraries" ("name", "created_at", "updated_at") VALUES (?, ?, ?)[0m  [["name", "Custom Destinations"], ["created_at", "2021-06-03 01:21:53.279474"], ["updated_at", "2021-06-03 01:21:53.279474"]]
  [1m[36mTRANSACTION (2.8ms)[0m  [1m[36mcommit transaction[0m
  [1m[36mTRANSACTION (0.0ms)[0m  [1m[36mbegin transaction[0m
  [1m[36mItinerary Load (0.1ms)[0m  [1m[34mSELECT "itineraries".* FROM "itineraries" WHERE "itineraries"."id" = ? LIMIT ?[0m  [["id", 1], ["LIMIT", 1]]
  [1m[36mDestination Create (0.1ms)[0m  [1m[32mINSERT INTO "destinations" ("name", "distance", "gravity", "temperature", "object_type", "image_url", "itinerary_id", "created_at", "updated_at") VALUES (?, ?, ?, ?, ?, ?, ?, ?, ?)[0m  [["name", "The Sun"], ["distance", 93], ["gravity", 27], ["temperature", 5505], ["object_type", "star"], ["image_url", "https://upload.wikimedia.org/wikipedia/commons/thumb/b/b4/The_Sun_by_the_Atmospheric_Imaging_Assembly_of_NASA%27s_Solar_Dynamics_Observatory_-_20100819.jpg/1280px-The_Sun_by_the_Atmospheric_Imaging_Assembly_of_NASA%27s_Solar_Dynamics_Observatory_-_20100819.jpg"], ["itinerary_id", 1], ["created_at", "2021-06-03 01:21:53.294551"], ["updated_at", "2021-06-03 01:21:53.294551"]]
  [1m[36mTRANSACTION (3.0ms)[0m  [1m[36mcommit transaction[0m
  [1m[36mTRANSACTION (0.0ms)[0m  [1m[36mbegin transaction[0m
  [1m[36mItinerary Load (0.0ms)[0m  [1m[34mSELECT "itineraries".* FROM "itineraries" WHERE "itineraries"."id" = ? LIMIT ?[0m  [["id", 1], ["LIMIT", 1]]
  [1m[36mDestination Create (0.1ms)[0m  [1m[32mINSERT INTO "destinations" ("name", "distance", "gravity", "temperature", "object_type", "image_url", "itinerary_id", "created_at", "updated_at") VALUES (?, ?, ?, ?, ?, ?, ?, ?, ?)[0m  [["name", "Jupiter"], ["distance", 443], ["gravity", 2], ["temperature", -108], ["object_type", "planet"], ["image_url", "https://upload.wikimedia.org/wikipedia/commons/2/2b/Jupiter_and_its_shrunken_Great_Red_Spot.jpg"], ["itinerary_id", 1], ["created_at", "2021-06-03 01:21:53.300521"], ["updated_at", "2021-06-03 01:21:53.300521"]]
  [1m[36mTRANSACTION (2.9ms)[0m  [1m[36mcommit transaction[0m
  [1m[36mTRANSACTION (0.0ms)[0m  [1m[36mbegin transaction[0m
  [1m[36mItinerary Load (0.0ms)[0m  [1m[34mSELECT "itineraries".* FROM "itineraries" WHERE "itineraries"."id" = ? LIMIT ?[0m  [["id", 1], ["LIMIT", 1]]
  [1m[36mDestination Create (0.1ms)[0m  [1m[32mINSERT INTO "destinations" ("name", "distance", "gravity", "temperature", "object_type", "image_url", "itinerary_id", "created_at", "updated_at") VALUES (?, ?, ?, ?, ?, ?, ?, ?, ?)[0m  [["name", "Saturn"], ["distance", 876], ["gravity", 1], ["temperature", -178], ["object_type", "planet"], ["image_url", "https://upload.wikimedia.org/wikipedia/commons/thumb/c/c7/Saturn_during_Equinox.jpg/1280px-Saturn_during_Equinox.jpg"], ["itinerary_id", 1], ["created_at", "2021-06-03 01:21:53.306130"], ["updated_at", "2021-06-03 01:21:53.306130"]]
  [1m[36mTRANSACTION (2.9ms)[0m  [1m[36mcommit transaction[0m
  [1m[36mTRANSACTION (0.0ms)[0m  [1m[36mbegin transaction[0m
  [1m[36mItinerary Load (0.0ms)[0m  [1m[34mSELECT "itineraries".* FROM "itineraries" WHERE "itineraries"."id" = ? LIMIT ?[0m  [["id", 1], ["LIMIT", 1]]
  [1m[36mDestination Create (0.2ms)[0m  [1m[32mINSERT INTO "destinations" ("name", "distance", "gravity", "temperature", "object_type", "image_url", "itinerary_id", "created_at", "updated_at") VALUES (?, ?, ?, ?, ?, ?, ?, ?, ?)[0m  [["name", "Uranus"], ["distance", 1917], ["gravity", 0], ["temperature", -197], ["object_type", "planet"], ["image_url", "https://upload.wikimedia.org/wikipedia/commons/thumb/3/3d/Uranus2.jpg/1280px-Uranus2.jpg"], ["itinerary_id", 1], ["created_at", "2021-06-03 01:21:53.311802"], ["updated_at", "2021-06-03 01:21:53.311802"]]
  [1m[36mTRANSACTION (3.0ms)[0m  [1m[36mcommit transaction[0m
  [1m[36mTRANSACTION (0.0ms)[0m  [1m[36mbegin transaction[0m
  [1m[36mItinerary Load (0.0ms)[0m  [1m[34mSELECT "itineraries".* FROM "itineraries" WHERE "itineraries"."id" = ? LIMIT ?[0m  [["id", 1], ["LIMIT", 1]]
  [1m[36mDestination Create (0.1ms)[0m  [1m[32mINSERT INTO "destinations" ("name", "distance", "gravity", "temperature", "object_type", "image_url", "itinerary_id", "created_at", "updated_at") VALUES (?, ?, ?, ?, ?, ?, ?, ?, ?)[0m  [["name", "Neptune"], ["distance", 2797], ["gravity", 1], ["temperature", -201], ["object_type", "planet"], ["image_url", "https://upload.wikimedia.org/wikipedia/commons/6/63/Neptune_-_Voyager_2_%2829347980845%29_flatten_crop.jpg"], ["itinerary_id", 1], ["created_at", "2021-06-03 01:21:53.318008"], ["updated_at", "2021-06-03 01:21:53.318008"]]
  [1m[36mTRANSACTION (4.2ms)[0m  [1m[36mcommit transaction[0m
  [1m[36mTRANSACTION (0.0ms)[0m  [1m[36mbegin transaction[0m
  [1m[36mItinerary Load (0.0ms)[0m  [1m[34mSELECT "itineraries".* FROM "itineraries" WHERE "itineraries"."id" = ? LIMIT ?[0m  [["id", 1], ["LIMIT", 1]]
  [1m[36mDestination Create (0.1ms)[0m  [1m[32mINSERT INTO "destinations" ("name", "distance", "gravity", "temperature", "object_type", "image_url", "itinerary_id", "created_at", "updated_at") VALUES (?, ?, ?, ?, ?, ?, ?, ?, ?)[0m  [["name", "Earth"], ["distance", 0], ["gravity", 1], ["temperature", 14], ["object_type", "planet"], ["image_url", "https://upload.wikimedia.org/wikipedia/commons/thumb/9/97/The_Earth_seen_from_Apollo_17.jpg/1280px-The_Earth_seen_from_Apollo_17.jpg"], ["itinerary_id", 1], ["created_at", "2021-06-03 01:21:53.325578"], ["updated_at", "2021-06-03 01:21:53.325578"]]
  [1m[36mTRANSACTION (2.7ms)[0m  [1m[36mcommit transaction[0m
  [1m[36mTRANSACTION (0.0ms)[0m  [1m[36mbegin transaction[0m
  [1m[36mItinerary Load (0.0ms)[0m  [1m[34mSELECT "itineraries".* FROM "itineraries" WHERE "itineraries"."id" = ? LIMIT ?[0m  [["id", 1], ["LIMIT", 1]]
  [1m[36mDestination Create (0.1ms)[0m  [1m[32mINSERT INTO "destinations" ("name", "distance", "gravity", "temperature", "object_type", "image_url", "itinerary_id", "created_at", "updated_at") VALUES (?, ?, ?, ?, ?, ?, ?, ?, ?)[0m  [["name", "Venus"], ["distance", 150], ["gravity", 0], ["temperature", 463], ["object_type", "planet"], ["image_url", "https://upload.wikimedia.org/wikipedia/commons/b/b2/Venus_2_Approach_Image.jpghttps://upload.wikimedia.org/wikipedia/commons/b/b2/Venus_2_Approach_Image.jpg"], ["itinerary_id", 1], ["created_at", "2021-06-03 01:21:53.331670"], ["updated_at", "2021-06-03 01:21:53.331670"]]
  [1m[36mTRANSACTION (2.9ms)[0m  [1m[36mcommit transaction[0m
  [1m[36mTRANSACTION (0.0ms)[0m  [1m[36mbegin transaction[0m
  [1m[36mItinerary Load (0.0ms)[0m  [1m[34mSELECT "itineraries".* FROM "itineraries" WHERE "itineraries"."id" = ? LIMIT ?[0m  [["id", 1], ["LIMIT", 1]]
  [1m[36mDestination Create (0.1ms)[0m  [1m[32mINSERT INTO "destinations" ("name", "distance", "gravity", "temperature", "object_type", "image_url", "itinerary_id", "created_at", "updated_at") VALUES (?, ?, ?, ?, ?, ?, ?, ?, ?)[0m  [["name", "Mars"], ["distance", 211], ["gravity", 0], ["temperature", -63], ["object_type", "planet"], ["image_url", "https://upload.wikimedia.org/wikipedia/commons/thumb/0/02/OSIRIS_Mars_true_color.jpg/1280px-OSIRIS_Mars_true_color.jpg"], ["itinerary_id", 1], ["created_at", "2021-06-03 01:21:53.337981"], ["updated_at", "2021-06-03 01:21:53.337981"]]
  [1m[36mTRANSACTION (2.9ms)[0m  [1m[36mcommit transaction[0m
  [1m[36mTRANSACTION (0.0ms)[0m  [1m[36mbegin transaction[0m
  [1m[36mItinerary Load (0.0ms)[0m  [1m[34mSELECT "itineraries".* FROM "itineraries" WHERE "itineraries"."id" = ? LIMIT ?[0m  [["id", 1], ["LIMIT", 1]]
  [1m[36mDestination Create (0.1ms)[0m  [1m[32mINSERT INTO "destinations" ("name", "distance", "gravity", "temperature", "object_type", "image_url", "itinerary_id", "created_at", "updated_at") VALUES (?, ?, ?, ?, ?, ?, ?, ?, ?)[0m  [["name", "Ganymede"], ["distance", 390], ["gravity", 0], ["temperature", -163], ["object_type", "moon"], ["image_url", "https://upload.wikimedia.org/wikipedia/commons/f/f2/Ganymede_g1_true-edit1.jpg"], ["itinerary_id", 1], ["created_at", "2021-06-03 01:21:53.344247"], ["updated_at", "2021-06-03 01:21:53.344247"]]
  [1m[36mTRANSACTION (3.0ms)[0m  [1m[36mcommit transaction[0m
  [1m[36mTRANSACTION (0.0ms)[0m  [1m[36mbegin transaction[0m
  [1m[36mItinerary Load (0.0ms)[0m  [1m[34mSELECT "itineraries".* FROM "itineraries" WHERE "itineraries"."id" = ? LIMIT ?[0m  [["id", 1], ["LIMIT", 1]]
  [1m[36mDestination Create (0.1ms)[0m  [1m[32mINSERT INTO "destinations" ("name", "distance", "gravity", "temperature", "object_type", "image_url", "itinerary_id", "created_at", "updated_at") VALUES (?, ?, ?, ?, ?, ?, ?, ?, ?)[0m  [["name", "Titan"], ["distance", 875], ["gravity", 0], ["temperature", -179], ["object_type", "moon"], ["image_url", "https://upload.wikimedia.org/wikipedia/commons/4/45/Titan_in_true_color.jpg"], ["itinerary_id", 1], ["created_at", "2021-06-03 01:21:53.350464"], ["updated_at", "2021-06-03 01:21:53.350464"]]
  [1m[36mTRANSACTION (4.4ms)[0m  [1m[36mcommit transaction[0m
  [1m[36mTRANSACTION (0.0ms)[0m  [1m[36mbegin transaction[0m
  [1m[36mItinerary Load (0.0ms)[0m  [1m[34mSELECT "itineraries".* FROM "itineraries" WHERE "itineraries"."id" = ? LIMIT ?[0m  [["id", 1], ["LIMIT", 1]]
  [1m[36mDestination Create (0.1ms)[0m  [1m[32mINSERT INTO "destinations" ("name", "distance", "gravity", "temperature", "object_type", "image_url", "itinerary_id", "created_at", "updated_at") VALUES (?, ?, ?, ?, ?, ?, ?, ?, ?)[0m  [["name", "Mercury"], ["distance", 55], ["gravity", 0], ["temperature", 67], ["object_type", "planet"], ["image_url", "https://upload.wikimedia.org/wikipedia/commons/thumb/d/d9/Mercury_in_color_-_Prockter07-edit1.jpg/1280px-Mercury_in_color_-_Prockter07-edit1.jpg"], ["itinerary_id", 1], ["created_at", "2021-06-03 01:21:53.357996"], ["updated_at", "2021-06-03 01:21:53.357996"]]
  [1m[36mTRANSACTION (2.9ms)[0m  [1m[36mcommit transaction[0m
  [1m[36mTRANSACTION (0.0ms)[0m  [1m[36mbegin transaction[0m
  [1m[36mItinerary Load (0.0ms)[0m  [1m[34mSELECT "itineraries".* FROM "itineraries" WHERE "itineraries"."id" = ? LIMIT ?[0m  [["id", 1], ["LIMIT", 1]]
  [1m[36mDestination Create (0.1ms)[0m  [1m[32mINSERT INTO "destinations" ("name", "distance", "gravity", "temperature", "object_type", "image_url", "itinerary_id", "created_at", "updated_at") VALUES (?, ?, ?, ?, ?, ?, ?, ?, ?)[0m  [["name", "Callisto"], ["distance", 390], ["gravity", 0], ["temperature", -133], ["object_type", "moon"], ["image_url", "https://upload.wikimedia.org/wikipedia/commons/e/e9/Callisto.jpg"], ["itinerary_id", 1], ["created_at", "2021-06-03 01:21:53.364024"], ["updated_at", "2021-06-03 01:21:53.364024"]]
  [1m[36mTRANSACTION (2.7ms)[0m  [1m[36mcommit transaction[0m
  [1m[36mTRANSACTION (0.0ms)[0m  [1m[36mbegin transaction[0m
  [1m[36mItinerary Load (0.1ms)[0m  [1m[34mSELECT "itineraries".* FROM "itineraries" WHERE "itineraries"."id" = ? LIMIT ?[0m  [["id", 1], ["LIMIT", 1]]
  [1m[36mDestination Create (0.1ms)[0m  [1m[32mINSERT INTO "destinations" ("name", "distance", "gravity", "temperature", "object_type", "image_url", "itinerary_id", "created_at", "updated_at") VALUES (?, ?, ?, ?, ?, ?, ?, ?, ?)[0m  [["name", "Io"], ["distance", 390], ["gravity", 0], ["temperature", -163], ["object_type", "moon"], ["image_url", "https://upload.wikimedia.org/wikipedia/commons/thumb/7/7b/Io_highest_resolution_true_color.jpg/1280px-Io_highest_resolution_true_color.jpg"], ["itinerary_id", 1], ["created_at", "2021-06-03 01:21:53.370277"], ["updated_at", "2021-06-03 01:21:53.370277"]]
  [1m[36mTRANSACTION (2.8ms)[0m  [1m[36mcommit transaction[0m
  [1m[36mTRANSACTION (0.0ms)[0m  [1m[36mbegin transaction[0m
  [1m[36mItinerary Load (0.1ms)[0m  [1m[34mSELECT "itineraries".* FROM "itineraries" WHERE "itineraries"."id" = ? LIMIT ?[0m  [["id", 1], ["LIMIT", 1]]
  [1m[36mDestination Create (0.2ms)[0m  [1m[32mINSERT INTO "destinations" ("name", "distance", "gravity", "temperature", "object_type", "image_url", "itinerary_id", "created_at", "updated_at") VALUES (?, ?, ?, ?, ?, ?, ?, ?, ?)[0m  [["name", "The Moon"], ["distance", 0], ["gravity", 0], ["temperature", -23], ["object_type", "moon"], ["image_url", "https://upload.wikimedia.org/wikipedia/commons/thumb/e/e1/FullMoon2010.jpg/1280px-FullMoon2010.jpg"], ["itinerary_id", 1], ["created_at", "2021-06-03 01:21:53.376624"], ["updated_at", "2021-06-03 01:21:53.376624"]]
  [1m[36mTRANSACTION (2.9ms)[0m  [1m[36mcommit transaction[0m
  [1m[36mTRANSACTION (0.0ms)[0m  [1m[36mbegin transaction[0m
  [1m[36mItinerary Load (0.0ms)[0m  [1m[34mSELECT "itineraries".* FROM "itineraries" WHERE "itineraries"."id" = ? LIMIT ?[0m  [["id", 1], ["LIMIT", 1]]
  [1m[36mDestination Create (0.2ms)[0m  [1m[32mINSERT INTO "destinations" ("name", "distance", "gravity", "temperature", "object_type", "image_url", "itinerary_id", "created_at", "updated_at") VALUES (?, ?, ?, ?, ?, ?, ?, ?, ?)[0m  [["name", "Europa"], ["distance", 390], ["gravity", 0], ["temperature", -171], ["object_type", "moon"], ["image_url", "https://upload.wikimedia.org/wikipedia/commons/e/e4/Europa-moon-with-margins.jpg"], ["itinerary_id", 1], ["created_at", "2021-06-03 01:21:53.382750"], ["updated_at", "2021-06-03 01:21:53.382750"]]
  [1m[36mTRANSACTION (2.9ms)[0m  [1m[36mcommit transaction[0m
  [1m[36mTRANSACTION (0.0ms)[0m  [1m[36mbegin transaction[0m
  [1m[36mItinerary Load (0.0ms)[0m  [1m[34mSELECT "itineraries".* FROM "itineraries" WHERE "itineraries"."id" = ? LIMIT ?[0m  [["id", 1], ["LIMIT", 1]]
  [1m[36mDestination Create (0.2ms)[0m  [1m[32mINSERT INTO "destinations" ("name", "distance", "gravity", "temperature", "object_type", "image_url", "itinerary_id", "created_at", "updated_at") VALUES (?, ?, ?, ?, ?, ?, ?, ?, ?)[0m  [["name", "Pluto"], ["distance", 3119], ["gravity", 0], ["temperature", -229], ["object_type", "dwarf planet"], ["image_url", "https://upload.wikimedia.org/wikipedia/commons/thumb/e/ef/Pluto_in_True_Color_-_High-Res.jpg/1280px-Pluto_in_True_Color_-_High-Res.jpg"], ["itinerary_id", 1], ["created_at", "2021-06-03 01:21:53.396004"], ["updated_at", "2021-06-03 01:21:53.396004"]]
  [1m[36mTRANSACTION (3.0ms)[0m  [1m[36mcommit transaction[0m
  [1m[36mTRANSACTION (0.0ms)[0m  [1m[36mbegin transaction[0m
  [1m[36mItinerary Load (0.0ms)[0m  [1m[34mSELECT "itineraries".* FROM "itineraries" WHERE "itineraries"."id" = ? LIMIT ?[0m  [["id", 1], ["LIMIT", 1]]
  [1m[36mDestination Create (0.1ms)[0m  [1m[32mINSERT INTO "destinations" ("name", "distance", "gravity", "temperature", "object_type", "image_url", "itinerary_id", "created_at", "updated_at") VALUES (?, ?, ?, ?, ?, ?, ?, ?, ?)[0m  [["name", "Eris"], ["distance", 8978], ["gravity", 0], ["temperature", -231], ["object_type", "dwarf planet"], ["image_url", "https://upload.wikimedia.org/wikipedia/commons/5/5b/Eris_and_dysnomia2.jpg"], ["itinerary_id", 1], ["created_at", "2021-06-03 01:21:53.402629"], ["updated_at", "2021-06-03 01:21:53.402629"]]
  [1m[36mTRANSACTION (2.8ms)[0m  [1m[36mcommit transaction[0m
  [1m[36mTRANSACTION (0.0ms)[0m  [1m[36mbegin transaction[0m
  [1m[36mItinerary Load (0.0ms)[0m  [1m[34mSELECT "itineraries".* FROM "itineraries" WHERE "itineraries"."id" = ? LIMIT ?[0m  [["id", 1], ["LIMIT", 1]]
  [1m[36mDestination Create (0.1ms)[0m  [1m[32mINSERT INTO "destinations" ("name", "distance", "gravity", "temperature", "object_type", "image_url", "itinerary_id", "created_at", "updated_at") VALUES (?, ?, ?, ?, ?, ?, ?, ?, ?)[0m  [["name", "Ceres"], ["distance", 257], ["gravity", 0], ["temperature", -87], ["object_type", "asteroid"], ["image_url", "https://upload.wikimedia.org/wikipedia/commons/7/76/Ceres_-_RC3_-_Haulani_Crater_%2822381131691%29_%28cropped%29.jpg"], ["itinerary_id", 1], ["created_at", "2021-06-03 01:21:53.408801"], ["updated_at", "2021-06-03 01:21:53.408801"]]
  [1m[36mTRANSACTION (2.9ms)[0m  [1m[36mcommit transaction[0m
  [1m[36mTRANSACTION (0.0ms)[0m  [1m[36mbegin transaction[0m
  [1m[36mItinerary Load (0.0ms)[0m  [1m[34mSELECT "itineraries".* FROM "itineraries" WHERE "itineraries"."id" = ? LIMIT ?[0m  [["id", 1], ["LIMIT", 1]]
  [1m[36mDestination Create (0.1ms)[0m  [1m[32mINSERT INTO "destinations" ("name", "distance", "gravity", "temperature", "object_type", "image_url", "itinerary_id", "created_at", "updated_at") VALUES (?, ?, ?, ?, ?, ?, ?, ?, ?)[0m  [["name", "Titania"], ["distance", 1692], ["gravity", 0], ["temperature", -198], ["object_type", "moon"], ["image_url", "https://upload.wikimedia.org/wikipedia/commons/a/ac/Titania_%28moon%29_color%2C_cropped.jpg"], ["itinerary_id", 1], ["created_at", "2021-06-03 01:21:53.414846"], ["updated_at", "2021-06-03 01:21:53.414846"]]
  [1m[36mTRANSACTION (2.9ms)[0m  [1m[36mcommit transaction[0m
  [1m[36mTRANSACTION (0.0ms)[0m  [1m[36mbegin transaction[0m
  [1m[36mItinerary Load (0.1ms)[0m  [1m[34mSELECT "itineraries".* FROM "itineraries" WHERE "itineraries"."id" = ? LIMIT ?[0m  [["id", 1], ["LIMIT", 1]]
  [1m[36mDestination Create (0.1ms)[0m  [1m[32mINSERT INTO "destinations" ("name", "distance", "gravity", "temperature", "object_type", "image_url", "itinerary_id", "created_at", "updated_at") VALUES (?, ?, ?, ?, ?, ?, ?, ?, ?)[0m  [["name", "Charon"], ["distance", 3119], ["gravity", 0], ["temperature", -220], ["object_type", "moon"], ["image_url", "https://upload.wikimedia.org/wikipedia/commons/thumb/2/2e/Charon_in_True_Color_-_High-Res.jpg/1280px-Charon_in_True_Color_-_High-Res.jpg"], ["itinerary_id", 1], ["created_at", "2021-06-03 01:21:53.421938"], ["updated_at", "2021-06-03 01:21:53.421938"]]
  [1m[36mTRANSACTION (3.1ms)[0m  [1m[36mcommit transaction[0m
  [1m[35m (0.3ms)[0m  [1m[34mSELECT sqlite_version(*)[0m
  [1m[36mItinerary Load (0.1ms)[0m  [1m[34mSELECT "itineraries".* FROM "itineraries" /* loading for inspect */ LIMIT ?[0m  [["LIMIT", 11]]
  [1m[36mItinerary Load (0.1ms)[0m  [1m[34mSELECT "itineraries".* FROM "itineraries" /* loading for inspect */ LIMIT ?[0m  [["LIMIT", 11]]
  [1m[36mItinerary Load (0.1ms)[0m  [1m[34mSELECT "itineraries".* FROM "itineraries" WHERE "itineraries"."id" = ? LIMIT ?[0m  [["id", 1], ["LIMIT", 1]]
  [1m[36mItinerary Load (0.1ms)[0m  [1m[34mSELECT "itineraries".* FROM "itineraries" WHERE "itineraries"."id" = ? LIMIT ?[0m  [["id", 1], ["LIMIT", 1]]
  [1m[36mDestination Load (0.1ms)[0m  [1m[34mSELECT "destinations".* FROM "destinations" WHERE "destinations"."itinerary_id" = ? /* loading for inspect */ LIMIT ?[0m  [["itinerary_id", 1], ["LIMIT", 11]]
